07/04/2015 15:25:37:	{"username":"admin","module":"users","class":"admin_users","action":"dashboard","post_params":[],"get_params":[],"ip":"::1"}>>>>>
07/04/2015 15:25:42:	{"username":"admin","module":"musics","class":"admin_music_categories","action":"index","post_params":[],"get_params":[],"ip":"::1"}>>>>>
07/04/2015 15:25:48:	{"username":"admin","module":"musics","class":"admin_music_categories","action":"edit","post_params":[],"get_params":{"ReturnUrl":"http:\/\/localhost:8080\/2015\/film\/musics\/admin_music_categories"},"ip":"::1"}>>>>>
07/04/2015 15:25:49:	{"username":"admin","module":"frontend","class":"frontend","action":"static","post_params":[],"get_params":{"t":"D2LI"},"ip":"::1"}>>>>>
07/04/2015 15:25:49:	{"username":"admin","module":"errors","class":"errors","action":"error_404","post_params":[],"get_params":[],"ip":"::1"}>>>>>
07/04/2015 15:26:18:	{"username":"admin","module":"module_builder","class":"module_builder","action":"index","post_params":[],"get_params":[],"ip":"::1"}>>>>>
07/04/2015 15:31:10:	{"username":"admin","module":"module_builder","class":"module_builder","action":"index","post_params":{"module":"films","model":"film","db_table":"films","module_resource":"films","module_resource_main":"","username":"admin","new_module":"1","new_model":"1","new_resource":"1","insert_field":"1"},"get_params":[],"ip":"::1"}>>>>>
07/04/2015 15:31:29:	{"username":"admin","module":"module_builder","class":"module_builder","action":"index","post_params":{"module":"films","model":"film","db_table":"films","module_resource":"admin_films","module_resource_main":"films","username":"admin","new_module":"1","new_model":"1","new_resource":"1"},"get_params":[],"ip":"::1"}>>>>>
07/04/2015 15:31:39:	{"username":"admin","module":"articles","class":"admin_article_categories","action":"index","post_params":[],"get_params":[],"ip":"::1"}>>>>>
07/04/2015 15:31:45:	{"username":"admin","module":"films","class":"admin_films","action":"index","post_params":[],"get_params":[],"ip":"::1"}>>>>>
07/04/2015 15:31:48:	{"username":"admin","module":"films","class":"admin_films","action":"add","post_params":[],"get_params":[],"ip":"::1"}>>>>>
07/04/2015 15:58:17:	{"username":"admin","module":"films","class":"admin_films","action":"add","post_params":[],"get_params":[],"ip":"::1"}>>>>>
07/04/2015 15:58:27:	{"username":"admin","module":"musics","class":"admin_music_categories","action":"index","post_params":[],"get_params":[],"ip":"::1"}>>>>>
07/04/2015 15:58:30:	{"username":"admin","module":"musics","class":"admin_music_categories","action":"add","post_params":[],"get_params":[],"ip":"::1"}>>>>>
07/04/2015 15:58:30:	{"username":"admin","module":"frontend","class":"frontend","action":"static","post_params":[],"get_params":{"t":"D2LI"},"ip":"::1"}>>>>>
07/04/2015 15:58:30:	{"username":"admin","module":"errors","class":"errors","action":"error_404","post_params":[],"get_params":[],"ip":"::1"}>>>>>
07/04/2015 15:58:56:	{"username":"admin","module":"films","class":"admin_films","action":"add","post_params":[],"get_params":[],"ip":"::1"}>>>>>
07/04/2015 16:01:39:	{"username":"admin","module":"films","class":"admin_films","action":"add","post_params":[],"get_params":[],"ip":"::1"}>>>>>
07/04/2015 16:06:34:	{"username":"admin","module":"musics","class":"admin_music_categories","action":"add","post_params":[],"get_params":[],"ip":"::1"}>>>>>
07/04/2015 16:06:35:	{"username":"admin","module":"frontend","class":"frontend","action":"static","post_params":[],"get_params":{"t":"D2LI"},"ip":"::1"}>>>>>
07/04/2015 16:06:35:	{"username":"admin","module":"errors","class":"errors","action":"error_404","post_params":[],"get_params":[],"ip":"::1"}>>>>>
07/04/2015 16:06:35:	{"username":"admin","module":"films","class":"admin_films","action":"add","post_params":[],"get_params":[],"ip":"::1"}>>>>>
07/04/2015 16:06:36:	{"username":"admin","module":"frontend","class":"frontend","action":"static","post_params":[],"get_params":{"t":"D2LI"},"ip":"::1"}>>>>>
07/04/2015 16:06:36:	{"username":"admin","module":"errors","class":"errors","action":"error_404","post_params":[],"get_params":[],"ip":"::1"}>>>>>
07/04/2015 16:07:55:	{"username":"admin","module":"films","class":"admin_films","action":"add","post_params":[],"get_params":[],"ip":"::1"}>>>>>
07/04/2015 16:07:55:	{"username":"admin","module":"frontend","class":"frontend","action":"static","post_params":[],"get_params":{"t":"D2LI"},"ip":"::1"}>>>>>
07/04/2015 16:07:55:	{"username":"admin","module":"errors","class":"errors","action":"error_404","post_params":[],"get_params":[],"ip":"::1"}>>>>>
07/04/2015 16:14:53:	{"username":"admin","module":"musics","class":"admin_music_categories","action":"add","post_params":[],"get_params":[],"ip":"::1"}>>>>>
07/04/2015 16:14:54:	{"username":"admin","module":"frontend","class":"frontend","action":"static","post_params":[],"get_params":{"t":"D2LI"},"ip":"::1"}>>>>>
07/04/2015 16:14:54:	{"username":"admin","module":"errors","class":"errors","action":"error_404","post_params":[],"get_params":[],"ip":"::1"}>>>>>
07/04/2015 16:15:01:	{"username":"admin","module":"films","class":"admin_films","action":"add","post_params":[],"get_params":[],"ip":"::1"}>>>>>
07/04/2015 16:15:01:	{"username":"admin","module":"frontend","class":"frontend","action":"static","post_params":[],"get_params":{"t":"D2LI"},"ip":"::1"}>>>>>
07/04/2015 16:15:01:	{"username":"admin","module":"errors","class":"errors","action":"error_404","post_params":[],"get_params":[],"ip":"::1"}>>>>>
07/04/2015 16:17:29:	{"username":"admin","module":"films","class":"admin_films","action":"add","post_params":[],"get_params":[],"ip":"::1"}>>>>>
07/04/2015 16:17:29:	{"username":"admin","module":"frontend","class":"frontend","action":"static","post_params":[],"get_params":{"t":"D2LI"},"ip":"::1"}>>>>>
07/04/2015 16:17:29:	{"username":"admin","module":"errors","class":"errors","action":"error_404","post_params":[],"get_params":[],"ip":"::1"}>>>>>
07/04/2015 16:18:29:	{"username":"admin","module":"films","class":"admin_films","action":"add","post_params":[],"get_params":[],"ip":"::1"}>>>>>
07/04/2015 16:18:29:	{"username":"admin","module":"frontend","class":"frontend","action":"static","post_params":[],"get_params":{"t":"D2LI"},"ip":"::1"}>>>>>
07/04/2015 16:18:30:	{"username":"admin","module":"errors","class":"errors","action":"error_404","post_params":[],"get_params":[],"ip":"::1"}>>>>>
07/04/2015 16:19:19:	{"username":"admin","module":"films","class":"admin_films","action":"add","post_params":[],"get_params":[],"ip":"::1"}>>>>>
07/04/2015 16:19:19:	{"username":"admin","module":"frontend","class":"frontend","action":"static","post_params":[],"get_params":{"t":"D2LI"},"ip":"::1"}>>>>>
07/04/2015 16:19:19:	{"username":"admin","module":"errors","class":"errors","action":"error_404","post_params":[],"get_params":[],"ip":"::1"}>>>>>
07/04/2015 16:25:09:	{"username":"admin","module":"photos","class":"admin_photos","action":"index","post_params":[],"get_params":[],"ip":"::1"}>>>>>
07/04/2015 16:25:29:	{"username":"admin","module":"photos","class":"admin_photos","action":"add","post_params":[],"get_params":[],"ip":"::1"}>>>>>
07/04/2015 16:26:07:	{"username":"admin","module":"films","class":"admin_films","action":"add","post_params":[],"get_params":[],"ip":"::1"}>>>>>
07/04/2015 16:26:08:	{"username":"admin","module":"frontend","class":"frontend","action":"static","post_params":[],"get_params":{"t":"D2LI"},"ip":"::1"}>>>>>
07/04/2015 16:26:08:	{"username":"admin","module":"errors","class":"errors","action":"error_404","post_params":[],"get_params":[],"ip":"::1"}>>>>>
07/04/2015 16:26:36:	{"username":"admin","module":"films","class":"admin_films","action":"add","post_params":[],"get_params":[],"ip":"::1"}>>>>>
07/04/2015 16:26:36:	{"username":"admin","module":"frontend","class":"frontend","action":"static","post_params":[],"get_params":{"t":"D2LI"},"ip":"::1"}>>>>>
07/04/2015 16:26:37:	{"username":"admin","module":"errors","class":"errors","action":"error_404","post_params":[],"get_params":[],"ip":"::1"}>>>>>
07/04/2015 16:29:18:	{"username":"admin","module":"films","class":"admin_films","action":"add","post_params":[],"get_params":[],"ip":"::1"}>>>>>
07/04/2015 16:29:19:	{"username":"admin","module":"frontend","class":"frontend","action":"static","post_params":[],"get_params":{"t":"D2LI"},"ip":"::1"}>>>>>
07/04/2015 16:29:19:	{"username":"admin","module":"errors","class":"errors","action":"error_404","post_params":[],"get_params":[],"ip":"::1"}>>>>>
07/04/2015 16:32:25:	{"username":"admin","module":"films","class":"admin_films","action":"add","post_params":[],"get_params":[],"ip":"::1"}>>>>>
07/04/2015 16:32:26:	{"username":"admin","module":"frontend","class":"frontend","action":"static","post_params":[],"get_params":{"t":"D2LI"},"ip":"::1"}>>>>>
07/04/2015 16:32:26:	{"username":"admin","module":"errors","class":"errors","action":"error_404","post_params":[],"get_params":[],"ip":"::1"}>>>>>
07/04/2015 17:08:42:	{"username":"admin","module":"films","class":"admin_films","action":"add","post_params":{"name":"Anh ch\u00e0ng \u0111\u00f3ng gi\u00e0y","name_en":"The Cobbler","category":"1","actor":"Adam Sandler, Ellen Barkin, Melonie Diaz, Dan Stevens","director":"\u0111","year":"2014","time":"120","point_imdb":"20","subtitle":"Vi\u1ec7t","country":"M\u1ef9","quality":"HD WED DL","image":"http:\/\/taiphimhd.net\/sites\/default\/files\/imagecache\/thumbhomepage\/images\/2015\/03\/15\/m2l9qtk.jpg","image_small":"http:\/\/taiphimhd.net\/sites\/default\/files\/imagecache\/thumbhomepage\/images\/2015\/03\/15\/m2l9qtk.jpg","trailer":"","description":"<p><span style=\"font-family:times new roman,times,serif\"><span style=\"font-size:16px\">1 b\u1ed9 phim h&agrave;i m\u1edbi do Adam Sandler \u0111&oacute;ng ch&iacute;nh mang t&ecirc;n The Cobbler. Trong phim n&agrave;y Adam v&agrave;o vai m\u1ed9t ng\u01b0\u1eddi th\u1ee3 \u0111&oacute;ng gi&agrave;y v\u1edbi kh\u1ea3 n\u0103ng \u0111\u1eb7c bi\u1ec7t: Anh c&oacute; th\u1ec3 &quot; s\u1ed1ng&quot; cu\u1ed9c s\u1ed1ng c\u1ee7a 1 ng\u01b0\u1eddi kh&aacute;c ( Step into someone&#39;s shoes) trong 1 kho\u1ea3ng th\u1eddi gian nh\u1ea5t \u0111\u1ecbnh. Phim c&ograve;n c&oacute; s\u1ef1 tham gia c\u1ee7a Dustin Hoffman, Method Man, Melonie Diaz, Ellen Barkin, Dan Stevens v&agrave; Steve Buscemi.<\/span><\/span><\/p>\r\n","content":"","link_download":"<p>fsdfsdf<\/p>\r\n","online":"<p>fsdfsdf<\/p>\r\n","is_hot":"1","status":"1","meta_keyword":"dfsdfsd","meta_description":"dsfsdfsd","weight":"3","username":"admin"},"get_params":[],"ip":"::1"}>>>>>
07/04/2015 17:08:42:	{"username":"admin","module":"films","class":"admin_films","action":"index","post_params":[],"get_params":[],"ip":"::1"}>>>>>
07/04/2015 17:09:21:	{"username":"admin","module":"films","class":"admin_films","action":"index","post_params":[],"get_params":[],"ip":"::1"}>>>>>
07/04/2015 17:11:57:	{"username":"admin","module":"films","class":"films","action":"index","post_params":[],"get_params":[],"ip":"::1"}>>>>>
07/04/2015 17:11:57:	{"username":"admin","module":"errors","class":"errors","action":"error_404","post_params":[],"get_params":[],"ip":"::1"}>>>>>
07/04/2015 17:12:10:	{"username":"admin","module":"frontend","class":"frontend","action":"index","post_params":[],"get_params":[],"ip":"::1"}>>>>>
07/04/2015 17:12:11:	{"username":"admin","module":"frontend","class":"frontend","action":"static","post_params":[],"get_params":[],"ip":"::1"}>>>>>
07/04/2015 17:12:11:	{"username":"admin","module":"errors","class":"errors","action":"error_404","post_params":[],"get_params":[],"ip":"::1"}>>>>>
07/04/2015 17:12:24:	{"username":"admin","module":"frontend","class":"frontend","action":"static","post_params":[],"get_params":[],"ip":"::1"}>>>>>
07/04/2015 17:12:24:	{"username":"admin","module":"errors","class":"errors","action":"error_404","post_params":[],"get_params":[],"ip":"::1"}>>>>>
